<?xml version="1.0" encoding="UTF-8"?>
<!-- Generated by org.testng.reporters.JUnitReportReporter -->
<testsuite hostname="DESKTOP-NVH3FGP" failures="0" tests="1" name="my.first.framework.fb.FB_TestCase" time="20.729" errors="0" timestamp="2022-10-18T23:21:42 IST" skipped="0">
  <testcase classname="my.first.framework.fb.FB_TestCase" name="fb_login" time="20.729"/>
  <system-out/>
</testsuite> <!-- my.first.framework.fb.FB_TestCase -->
